{"/Users/thamitha/nreact/src/components/About.js": {"path":"/Users/thamitha/nreact/src/components/About.js","statementMap":{"0":{"start":{"line":8,"column":8},"end":{"line":8,"column":20}},"1":{"start":{"line":17,"column":8},"end":{"line":27,"column":15}},"2":{"start":{"line":22,"column":39},"end":{"line":22,"column":92}}},"fnMap":{"0":{"name":"(anonymous_0)","decl":{"start":{"line":7,"column":4},"end":{"line":7,"column":5}},"loc":{"start":{"line":7,"column":22},"end":{"line":10,"column":5}},"line":7},"1":{"name":"(anonymous_1)","decl":{"start":{"line":11,"column":4},"end":{"line":11,"column":5}},"loc":{"start":{"line":11,"column":23},"end":{"line":13,"column":5}},"line":11},"2":{"name":"(anonymous_2)","decl":{"start":{"line":15,"column":4},"end":{"line":15,"column":5}},"loc":{"start":{"line":15,"column":12},"end":{"line":28,"column":5}},"line":15},"3":{"name":"(anonymous_3)","decl":{"start":{"line":22,"column":21},"end":{"line":22,"column":22}},"loc":{"start":{"line":22,"column":39},"end":{"line":22,"column":92}},"line":22}},"branchMap":{},"s":{"0":0,"1":0,"2":0},"f":{"0":0,"1":0,"2":0,"3":0},"b":{},"_coverageSchema":"1a1c01bbd47fc00a2c39e90264f33305004495a9","hash":"dd851b830068a7d59242f3d90196d45f3689b5bd"}
,"/Users/thamitha/nreact/src/components/Body.js": {"path":"/Users/thamitha/nreact/src/components/Body.js","statementMap":{"0":{"start":{"line":8,"column":13},"end":{"line":65,"column":2}},"1":{"start":{"line":9,"column":54},"end":{"line":9,"column":66}},"2":{"start":{"line":10,"column":56},"end":{"line":10,"column":68}},"3":{"start":{"line":11,"column":40},"end":{"line":11,"column":52}},"4":{"start":{"line":13,"column":35},"end":{"line":13,"column":68}},"5":{"start":{"line":14,"column":4},"end":{"line":14,"column":51}},"6":{"start":{"line":17,"column":4},"end":{"line":19,"column":10}},"7":{"start":{"line":18,"column":8},"end":{"line":18,"column":19}},"8":{"start":{"line":21,"column":22},"end":{"line":30,"column":5}},"9":{"start":{"line":23,"column":21},"end":{"line":23,"column":171}},"10":{"start":{"line":25,"column":21},"end":{"line":25,"column":38}},"11":{"start":{"line":27,"column":8},"end":{"line":27,"column":102}},"12":{"start":{"line":28,"column":8},"end":{"line":28,"column":103}},"13":{"start":{"line":29,"column":8},"end":{"line":29,"column":55}},"14":{"start":{"line":32,"column":25},"end":{"line":32,"column":42}},"15":{"start":{"line":33,"column":4},"end":{"line":33,"column":112}},"16":{"start":{"line":33,"column":31},"end":{"line":33,"column":112}},"17":{"start":{"line":34,"column":40},"end":{"line":34,"column":63}},"18":{"start":{"line":35,"column":4},"end":{"line":64,"column":5}},"19":{"start":{"line":39,"column":145},"end":{"line":39,"column":174}},"20":{"start":{"line":42,"column":20},"end":{"line":42,"column":43}},"21":{"start":{"line":43,"column":47},"end":{"line":43,"column":142}},"22":{"start":{"line":43,"column":79},"end":{"line":43,"column":141}},"23":{"start":{"line":44,"column":20},"end":{"line":44,"column":61}},"24":{"start":{"line":48,"column":83},"end":{"line":48,"column":158}},"25":{"start":{"line":48,"column":131},"end":{"line":48,"column":157}},"26":{"start":{"line":49,"column":16},"end":{"line":49,"column":50}},"27":{"start":{"line":52,"column":100},"end":{"line":52,"column":127}},"28":{"start":{"line":57,"column":13},"end":{"line":61,"column":20}}},"fnMap":{"0":{"name":"(anonymous_0)","decl":{"start":{"line":8,"column":13},"end":{"line":8,"column":14}},"loc":{"start":{"line":8,"column":19},"end":{"line":65,"column":2}},"line":8},"1":{"name":"(anonymous_1)","decl":{"start":{"line":17,"column":14},"end":{"line":17,"column":15}},"loc":{"start":{"line":17,"column":18},"end":{"line":19,"column":5}},"line":17},"2":{"name":"(anonymous_2)","decl":{"start":{"line":21,"column":22},"end":{"line":21,"column":23}},"loc":{"start":{"line":21,"column":33},"end":{"line":30,"column":5}},"line":21},"3":{"name":"(anonymous_3)","decl":{"start":{"line":39,"column":139},"end":{"line":39,"column":140}},"loc":{"start":{"line":39,"column":144},"end":{"line":39,"column":175}},"line":39},"4":{"name":"(anonymous_4)","decl":{"start":{"line":41,"column":25},"end":{"line":41,"column":26}},"loc":{"start":{"line":41,"column":29},"end":{"line":45,"column":17}},"line":41},"5":{"name":"(anonymous_5)","decl":{"start":{"line":43,"column":72},"end":{"line":43,"column":73}},"loc":{"start":{"line":43,"column":79},"end":{"line":43,"column":141}},"line":43},"6":{"name":"(anonymous_6)","decl":{"start":{"line":48,"column":78},"end":{"line":48,"column":79}},"loc":{"start":{"line":48,"column":82},"end":{"line":50,"column":17}},"line":48},"7":{"name":"(anonymous_7)","decl":{"start":{"line":48,"column":123},"end":{"line":48,"column":124}},"loc":{"start":{"line":48,"column":131},"end":{"line":48,"column":157}},"line":48},"8":{"name":"(anonymous_8)","decl":{"start":{"line":52,"column":94},"end":{"line":52,"column":95}},"loc":{"start":{"line":52,"column":99},"end":{"line":52,"column":128}},"line":52},"9":{"name":"(anonymous_9)","decl":{"start":{"line":56,"column":37},"end":{"line":56,"column":38}},"loc":{"start":{"line":57,"column":13},"end":{"line":61,"column":20}},"line":57}},"branchMap":{"0":{"loc":{"start":{"line":33,"column":4},"end":{"line":33,"column":112}},"type":"if","locations":[{"start":{"line":33,"column":4},"end":{"line":33,"column":112}},{"start":{},"end":{}}],"line":33},"1":{"loc":{"start":{"line":35,"column":11},"end":{"line":64,"column":5}},"type":"cond-expr","locations":[{"start":{"line":35,"column":44},"end":{"line":35,"column":55}},{"start":{"line":36,"column":5},"end":{"line":63,"column":11}}],"line":35},"2":{"loc":{"start":{"line":60,"column":14},"end":{"line":60,"column":140}},"type":"cond-expr","locations":[{"start":{"line":60,"column":52},"end":{"line":60,"column":98}},{"start":{"line":60,"column":101},"end":{"line":60,"column":139}}],"line":60}},"s":{"0":1,"1":6,"2":6,"3":6,"4":6,"5":6,"6":6,"7":2,"8":6,"9":2,"10":2,"11":2,"12":2,"13":2,"14":6,"15":6,"16":0,"17":6,"18":6,"19":1,"20":1,"21":1,"22":8,"23":1,"24":0,"25":0,"26":0,"27":0,"28":25},"f":{"0":6,"1":2,"2":2,"3":1,"4":1,"5":8,"6":0,"7":0,"8":0,"9":25},"b":{"0":[0,6],"1":[2,4],"2":[12,13]},"_coverageSchema":"1a1c01bbd47fc00a2c39e90264f33305004495a9","hash":"fbb6c884e4f209a558a7470015fe6615d263747f"}
,"/Users/thamitha/nreact/src/components/Contact.js": {"path":"/Users/thamitha/nreact/src/components/Contact.js","statementMap":{"0":{"start":{"line":1,"column":16},"end":{"line":13,"column":1}},"1":{"start":{"line":2,"column":4},"end":{"line":12,"column":5}}},"fnMap":{"0":{"name":"(anonymous_0)","decl":{"start":{"line":1,"column":16},"end":{"line":1,"column":17}},"loc":{"start":{"line":1,"column":22},"end":{"line":13,"column":1}},"line":1}},"branchMap":{},"s":{"0":1,"1":5},"f":{"0":5},"b":{},"_coverageSchema":"1a1c01bbd47fc00a2c39e90264f33305004495a9","hash":"3b48d8571b1fc077a4c52c3d385b76a9dd6b734e"}
,"/Users/thamitha/nreact/src/components/Header.js": {"path":"/Users/thamitha/nreact/src/components/Header.js","statementMap":{"0":{"start":{"line":9,"column":22},"end":{"line":42,"column":1}},"1":{"start":{"line":10,"column":44},"end":{"line":10,"column":61}},"2":{"start":{"line":11,"column":25},"end":{"line":11,"column":42}},"3":{"start":{"line":12,"column":27},"end":{"line":12,"column":50}},"4":{"start":{"line":16,"column":22},"end":{"line":16,"column":61}},"5":{"start":{"line":16,"column":44},"end":{"line":16,"column":60}},"6":{"start":{"line":17,"column":4},"end":{"line":17,"column":26}},"7":{"start":{"line":19,"column":4},"end":{"line":41,"column":5}},"8":{"start":{"line":34,"column":24},"end":{"line":34,"column":99}}},"fnMap":{"0":{"name":"(anonymous_0)","decl":{"start":{"line":9,"column":22},"end":{"line":9,"column":23}},"loc":{"start":{"line":9,"column":26},"end":{"line":42,"column":1}},"line":9},"1":{"name":"(anonymous_1)","decl":{"start":{"line":16,"column":34},"end":{"line":16,"column":35}},"loc":{"start":{"line":16,"column":44},"end":{"line":16,"column":60}},"line":16},"2":{"name":"(anonymous_2)","decl":{"start":{"line":33,"column":55},"end":{"line":33,"column":56}},"loc":{"start":{"line":33,"column":59},"end":{"line":35,"column":21}},"line":33}},"branchMap":{"0":{"loc":{"start":{"line":26,"column":57},"end":{"line":26,"column":79}},"type":"cond-expr","locations":[{"start":{"line":26,"column":71},"end":{"line":26,"column":74}},{"start":{"line":26,"column":75},"end":{"line":26,"column":79}}],"line":26},"1":{"loc":{"start":{"line":34,"column":24},"end":{"line":34,"column":99}},"type":"cond-expr","locations":[{"start":{"line":34,"column":48},"end":{"line":34,"column":73}},{"start":{"line":34,"column":75},"end":{"line":34,"column":99}}],"line":34}},"s":{"0":1,"1":4,"2":4,"3":4,"4":4,"5":7,"6":4,"7":4,"8":1},"f":{"0":4,"1":7,"2":1},"b":{"0":[4,0],"1":[1,0]},"_coverageSchema":"1a1c01bbd47fc00a2c39e90264f33305004495a9","hash":"7de07afde18ce994240e39efc00441f34aefc762"}
,"/Users/thamitha/nreact/src/components/RestaurantCard.js": {"path":"/Users/thamitha/nreact/src/components/RestaurantCard.js","statementMap":{"0":{"start":{"line":5,"column":23},"end":{"line":21,"column":1}},"1":{"start":{"line":6,"column":24},"end":{"line":6,"column":29}},"2":{"start":{"line":7,"column":4},"end":{"line":7,"column":35}},"3":{"start":{"line":8,"column":27},"end":{"line":8,"column":50}},"4":{"start":{"line":9,"column":77},"end":{"line":9,"column":89}},"5":{"start":{"line":10,"column":4},"end":{"line":20,"column":5}},"6":{"start":{"line":26,"column":33},"end":{"line":35,"column":1}},"7":{"start":{"line":27,"column":4},"end":{"line":34,"column":5}},"8":{"start":{"line":28,"column":8},"end":{"line":33,"column":9}}},"fnMap":{"0":{"name":"(anonymous_0)","decl":{"start":{"line":5,"column":23},"end":{"line":5,"column":24}},"loc":{"start":{"line":5,"column":33},"end":{"line":21,"column":1}},"line":5},"1":{"name":"(anonymous_1)","decl":{"start":{"line":26,"column":33},"end":{"line":26,"column":34}},"loc":{"start":{"line":26,"column":53},"end":{"line":35,"column":1}},"line":26},"2":{"name":"(anonymous_2)","decl":{"start":{"line":27,"column":11},"end":{"line":27,"column":12}},"loc":{"start":{"line":27,"column":22},"end":{"line":34,"column":5}},"line":27}},"branchMap":{},"s":{"0":2,"1":27,"2":27,"3":27,"4":27,"5":27,"6":2,"7":7,"8":13},"f":{"0":27,"1":7,"2":13},"b":{},"_coverageSchema":"1a1c01bbd47fc00a2c39e90264f33305004495a9","hash":"689d395c1e3d93daf5d9f0bfb93041203b8ce4b7"}
,"/Users/thamitha/nreact/src/components/Shimmer.js": {"path":"/Users/thamitha/nreact/src/components/Shimmer.js","statementMap":{"0":{"start":{"line":1,"column":16},"end":{"line":19,"column":1}},"1":{"start":{"line":2,"column":4},"end":{"line":18,"column":11}}},"fnMap":{"0":{"name":"(anonymous_0)","decl":{"start":{"line":1,"column":16},"end":{"line":1,"column":17}},"loc":{"start":{"line":1,"column":21},"end":{"line":19,"column":1}},"line":1}},"branchMap":{},"s":{"0":1,"1":2},"f":{"0":2},"b":{},"_coverageSchema":"1a1c01bbd47fc00a2c39e90264f33305004495a9","hash":"f5951a2192bed87811b1963d6eea5e910ad44b15"}
,"/Users/thamitha/nreact/src/components/UserClass.js": {"path":"/Users/thamitha/nreact/src/components/UserClass.js","statementMap":{"0":{"start":{"line":5,"column":8},"end":{"line":5,"column":21}},"1":{"start":{"line":6,"column":8},"end":{"line":11,"column":9}},"2":{"start":{"line":16,"column":8},"end":{"line":18,"column":15}},"3":{"start":{"line":17,"column":12},"end":{"line":17,"column":43}},"4":{"start":{"line":20,"column":21},"end":{"line":20,"column":73}},"5":{"start":{"line":21,"column":21},"end":{"line":21,"column":38}},"6":{"start":{"line":22,"column":8},"end":{"line":22,"column":25}},"7":{"start":{"line":24,"column":8},"end":{"line":26,"column":10}},"8":{"start":{"line":30,"column":8},"end":{"line":30,"column":43}},"9":{"start":{"line":34,"column":8},"end":{"line":34,"column":45}},"10":{"start":{"line":38,"column":46},"end":{"line":38,"column":65}},"11":{"start":{"line":39,"column":8},"end":{"line":44,"column":14}}},"fnMap":{"0":{"name":"(anonymous_0)","decl":{"start":{"line":4,"column":4},"end":{"line":4,"column":5}},"loc":{"start":{"line":4,"column":22},"end":{"line":13,"column":5}},"line":4},"1":{"name":"(anonymous_1)","decl":{"start":{"line":15,"column":4},"end":{"line":15,"column":5}},"loc":{"start":{"line":15,"column":29},"end":{"line":27,"column":5}},"line":15},"2":{"name":"(anonymous_2)","decl":{"start":{"line":16,"column":20},"end":{"line":16,"column":21}},"loc":{"start":{"line":16,"column":24},"end":{"line":18,"column":9}},"line":16},"3":{"name":"(anonymous_3)","decl":{"start":{"line":29,"column":4},"end":{"line":29,"column":5}},"loc":{"start":{"line":29,"column":24},"end":{"line":31,"column":5}},"line":29},"4":{"name":"(anonymous_4)","decl":{"start":{"line":33,"column":4},"end":{"line":33,"column":5}},"loc":{"start":{"line":33,"column":26},"end":{"line":35,"column":5}},"line":33},"5":{"name":"(anonymous_5)","decl":{"start":{"line":36,"column":4},"end":{"line":36,"column":5}},"loc":{"start":{"line":36,"column":12},"end":{"line":45,"column":5}},"line":36}},"branchMap":{},"s":{"0":0,"1":0,"2":0,"3":0,"4":0,"5":0,"6":0,"7":0,"8":0,"9":0,"10":0,"11":0},"f":{"0":0,"1":0,"2":0,"3":0,"4":0,"5":0},"b":{},"_coverageSchema":"1a1c01bbd47fc00a2c39e90264f33305004495a9","hash":"a1207a950edda8460f7b5678e344c0d24f11c641"}
,"/Users/thamitha/nreact/src/components/sum.js": {"path":"/Users/thamitha/nreact/src/components/sum.js","statementMap":{"0":{"start":{"line":1,"column":19},"end":{"line":3,"column":1}},"1":{"start":{"line":2,"column":4},"end":{"line":2,"column":17}}},"fnMap":{"0":{"name":"(anonymous_0)","decl":{"start":{"line":1,"column":19},"end":{"line":1,"column":20}},"loc":{"start":{"line":1,"column":29},"end":{"line":3,"column":1}},"line":1}},"branchMap":{},"s":{"0":1,"1":1},"f":{"0":1},"b":{},"_coverageSchema":"1a1c01bbd47fc00a2c39e90264f33305004495a9","hash":"0530317efa03b2dcb19767f6a50135d72185388e"}
,"/Users/thamitha/nreact/src/utils/UserContext.js": {"path":"/Users/thamitha/nreact/src/utils/UserContext.js","statementMap":{"0":{"start":{"line":3,"column":20},"end":{"line":5,"column":2}}},"fnMap":{},"branchMap":{},"s":{"0":3},"f":{},"b":{},"_coverageSchema":"1a1c01bbd47fc00a2c39e90264f33305004495a9","hash":"0a88839d651a7444bb9399e0cd8fd15915452a5c"}
,"/Users/thamitha/nreact/src/utils/appStore.js": {"path":"/Users/thamitha/nreact/src/utils/appStore.js","statementMap":{"0":{"start":{"line":4,"column":17},"end":{"line":8,"column":2}}},"fnMap":{},"branchMap":{},"s":{"0":1},"f":{},"b":{},"_coverageSchema":"1a1c01bbd47fc00a2c39e90264f33305004495a9","hash":"921c7f561a59c0a23e801968fb9c6af9a8403a8c"}
,"/Users/thamitha/nreact/src/utils/cartSlice.js": {"path":"/Users/thamitha/nreact/src/utils/cartSlice.js","statementMap":{"0":{"start":{"line":3,"column":18},"end":{"line":35,"column":2}},"1":{"start":{"line":18,"column":12},"end":{"line":18,"column":45}},"2":{"start":{"line":21,"column":12},"end":{"line":21,"column":30}},"3":{"start":{"line":31,"column":12},"end":{"line":31,"column":31}},"4":{"start":{"line":37,"column":49},"end":{"line":37,"column":66}}},"fnMap":{"0":{"name":"(anonymous_0)","decl":{"start":{"line":9,"column":17},"end":{"line":9,"column":18}},"loc":{"start":{"line":9,"column":35},"end":{"line":19,"column":9}},"line":9},"1":{"name":"(anonymous_1)","decl":{"start":{"line":20,"column":20},"end":{"line":20,"column":21}},"loc":{"start":{"line":20,"column":30},"end":{"line":22,"column":9}},"line":20},"2":{"name":"(anonymous_2)","decl":{"start":{"line":25,"column":19},"end":{"line":25,"column":20}},"loc":{"start":{"line":25,"column":29},"end":{"line":33,"column":9}},"line":25}},"branchMap":{},"s":{"0":1,"1":0,"2":0,"3":0,"4":1},"f":{"0":0,"1":0,"2":0},"b":{},"_coverageSchema":"1a1c01bbd47fc00a2c39e90264f33305004495a9","hash":"1e750118c98de822be618624749dc2d4910c1782"}
,"/Users/thamitha/nreact/src/utils/constants.js": {"path":"/Users/thamitha/nreact/src/utils/constants.js","statementMap":{"0":{"start":{"line":1,"column":23},"end":{"line":1,"column":106}},"1":{"start":{"line":2,"column":24},"end":{"line":2,"column":2948}},"2":{"start":{"line":3,"column":24},"end":{"line":3,"column":147}}},"fnMap":{},"branchMap":{},"s":{"0":3,"1":3,"2":3},"f":{},"b":{},"_coverageSchema":"1a1c01bbd47fc00a2c39e90264f33305004495a9","hash":"aae6f5ef6952ad9890d7fc085270d618f0463b4d"}
,"/Users/thamitha/nreact/src/utils/useOnlineStatus.js": {"path":"/Users/thamitha/nreact/src/utils/useOnlineStatus.js","statementMap":{"0":{"start":{"line":3,"column":24},"end":{"line":14,"column":1}},"1":{"start":{"line":4,"column":44},"end":{"line":4,"column":58}},"2":{"start":{"line":5,"column":4},"end":{"line":12,"column":9}},"3":{"start":{"line":6,"column":8},"end":{"line":8,"column":10}},"4":{"start":{"line":7,"column":12},"end":{"line":7,"column":34}},"5":{"start":{"line":9,"column":8},"end":{"line":11,"column":10}},"6":{"start":{"line":10,"column":12},"end":{"line":10,"column":33}},"7":{"start":{"line":13,"column":4},"end":{"line":13,"column":24}}},"fnMap":{"0":{"name":"(anonymous_0)","decl":{"start":{"line":3,"column":24},"end":{"line":3,"column":25}},"loc":{"start":{"line":3,"column":30},"end":{"line":14,"column":1}},"line":3},"1":{"name":"(anonymous_1)","decl":{"start":{"line":5,"column":14},"end":{"line":5,"column":15}},"loc":{"start":{"line":5,"column":18},"end":{"line":12,"column":5}},"line":5},"2":{"name":"(anonymous_2)","decl":{"start":{"line":6,"column":43},"end":{"line":6,"column":44}},"loc":{"start":{"line":6,"column":49},"end":{"line":8,"column":9}},"line":6},"3":{"name":"(anonymous_3)","decl":{"start":{"line":9,"column":42},"end":{"line":9,"column":43}},"loc":{"start":{"line":9,"column":46},"end":{"line":11,"column":9}},"line":9}},"branchMap":{},"s":{"0":2,"1":10,"2":10,"3":5,"4":0,"5":5,"6":0,"7":10},"f":{"0":10,"1":5,"2":0,"3":0},"b":{},"_coverageSchema":"1a1c01bbd47fc00a2c39e90264f33305004495a9","hash":"f2a36306a5ebe254e552edc5cd5a34977298a222"}
}
